<?xml version="1.0" encoding="UTF-8"?>
<!-- Generated by org.testng.reporters.JUnitXMLReporter -->
<testsuite ignored="0" hostname="LAPTOP-4LMMI7OQ" failures="0" tests="3" name="Default test" time="9.155" errors="0" timestamp="2022-05-06T17:19:22 IST">
  <testcase classname="tests.LoginTest" name="clickOnForgotUserIDOrPassword" time="0.079"/>
  <testcase classname="tests.LoginTest" name="clickOnSignUp" time="0.061"/>
  <testcase classname="tests.LoginTest" name="loginWithValidCredentials" time="1.157"/>
</testsuite> <!-- Default test -->
