<?xml version="1.0" encoding="UTF-8"?>
<testng-results ignored="0" total="3" passed="3" failed="0" skipped="0">
  <reporter-output>
  </reporter-output>
  <suite started-at="2022-05-06T17:19:13 IST" name="Default suite" finished-at="2022-05-06T17:19:22 IST" duration-ms="9155">
    <groups>
    </groups>
    <test started-at="2022-05-06T17:19:13 IST" name="Default test" finished-at="2022-05-06T17:19:22 IST" duration-ms="9155">
      <class name="tests.LoginTest">
        <test-method is-config="true" signature="launchBrowser()[pri:0, instance:tests.LoginTest@6e0f5f7f]" started-at="2022-05-06T17:19:13 IST" name="launchBrowser" finished-at="2022-05-06T17:19:16 IST" duration-ms="2792" status="PASS">
          <reporter-output>
          </reporter-output>
        </test-method> <!-- launchBrowser -->
        <test-method signature="clickOnForgotUserIDOrPassword()[pri:0, instance:tests.LoginTest@6e0f5f7f]" started-at="2022-05-06T17:19:16 IST" name="clickOnForgotUserIDOrPassword" finished-at="2022-05-06T17:19:16 IST" duration-ms="79" status="PASS">
          <reporter-output>
          </reporter-output>
        </test-method> <!-- clickOnForgotUserIDOrPassword -->
        <test-method is-config="true" signature="afterMethod()[pri:0, instance:tests.LoginTest@6e0f5f7f]" started-at="2022-05-06T17:19:16 IST" name="afterMethod" finished-at="2022-05-06T17:19:16 IST" duration-ms="243" status="PASS">
          <reporter-output>
          </reporter-output>
        </test-method> <!-- afterMethod -->
        <test-method is-config="true" signature="launchBrowser()[pri:0, instance:tests.LoginTest@6e0f5f7f]" started-at="2022-05-06T17:19:16 IST" name="launchBrowser" finished-at="2022-05-06T17:19:18 IST" duration-ms="1987" status="PASS">
          <reporter-output>
          </reporter-output>
        </test-method> <!-- launchBrowser -->
        <test-method signature="clickOnSignUp()[pri:0, instance:tests.LoginTest@6e0f5f7f]" started-at="2022-05-06T17:19:18 IST" name="clickOnSignUp" finished-at="2022-05-06T17:19:18 IST" duration-ms="61" status="PASS">
          <reporter-output>
          </reporter-output>
        </test-method> <!-- clickOnSignUp -->
        <test-method is-config="true" signature="afterMethod()[pri:0, instance:tests.LoginTest@6e0f5f7f]" started-at="2022-05-06T17:19:18 IST" name="afterMethod" finished-at="2022-05-06T17:19:18 IST" duration-ms="165" status="PASS">
          <reporter-output>
          </reporter-output>
        </test-method> <!-- afterMethod -->
        <test-method is-config="true" signature="launchBrowser()[pri:0, instance:tests.LoginTest@6e0f5f7f]" started-at="2022-05-06T17:19:18 IST" name="launchBrowser" finished-at="2022-05-06T17:19:20 IST" duration-ms="2013" status="PASS">
          <reporter-output>
          </reporter-output>
        </test-method> <!-- launchBrowser -->
        <test-method signature="loginWithValidCredentials()[pri:0, instance:tests.LoginTest@6e0f5f7f]" started-at="2022-05-06T17:19:20 IST" name="loginWithValidCredentials" finished-at="2022-05-06T17:19:21 IST" duration-ms="1157" status="PASS">
          <reporter-output>
          </reporter-output>
        </test-method> <!-- loginWithValidCredentials -->
        <test-method is-config="true" signature="afterMethod()[pri:0, instance:tests.LoginTest@6e0f5f7f]" started-at="2022-05-06T17:19:21 IST" name="afterMethod" finished-at="2022-05-06T17:19:22 IST" duration-ms="631" status="PASS">
          <reporter-output>
          </reporter-output>
        </test-method> <!-- afterMethod -->
      </class> <!-- tests.LoginTest -->
    </test> <!-- Default test -->
  </suite> <!-- Default suite -->
</testng-results>
